游댯 [info] - 09-11-2023 15:01:37
METHOD: POST
URL: /login
MESSAGE: Tentativa de login realizada. Email: admin@admin.com.


游댯 [info] - 09-11-2023 15:01:38
METHOD: POST
URL: /login
MESSAGE: A칞칚o de login realizada. Usu치rio: Admin Pamcary - ID: 57b3d959-d13f-41d0-992b-e8afc257db58.


游댯 [info] - 09-11-2023 15:01:38
METHOD: POST
URL: /login
MESSAGE: Tentativa de login realizada. Email: admin@admin.com.


游댯 [info] - 09-11-2023 15:01:38
METHOD: POST
URL: /login
MESSAGE: A칞칚o de login realizada. Usu치rio: Admin Pamcary - ID: 57b3d959-d13f-41d0-992b-e8afc257db58.


游댯 [info] - 09-11-2023 15:02:23
METHOD: POST
URL: /login
MESSAGE: Tentativa de login realizada. Email: admin@admin.com.


游댯 [info] - 09-11-2023 15:02:23
METHOD: POST
URL: /login
MESSAGE: A칞칚o de login realizada. Usu치rio: Admin Pamcary - ID: 57b3d959-d13f-41d0-992b-e8afc257db58.


游댯 [info] - 09-11-2023 15:02:23
METHOD: POST
URL: /login
MESSAGE: Tentativa de login realizada. Email: admin@admin.com.


游댯 [info] - 09-11-2023 15:02:23
METHOD: POST
URL: /login
MESSAGE: A칞칚o de login realizada. Usu치rio: Admin Pamcary - ID: 57b3d959-d13f-41d0-992b-e8afc257db58.


游댯 [info] - 09-11-2023 15:02:23


MESSAGE: Autentica칞칚o bem-sucedida: Usu치rio Admin Pamcary (ID: 57b3d959-d13f-41d0-992b-e8afc257db58) se autenticou com sucesso.


游댯 [info] - 09-11-2023 15:04:14
METHOD: POST
URL: /login
MESSAGE: Tentativa de login realizada. Email: admin@admin.com.


游댯 [info] - 09-11-2023 15:04:14
METHOD: POST
URL: /login
MESSAGE: A칞칚o de login realizada. Usu치rio: Admin Pamcary - ID: 57b3d959-d13f-41d0-992b-e8afc257db58.


游댯 [info] - 09-11-2023 15:04:14
METHOD: POST
URL: /login
MESSAGE: Tentativa de login realizada. Email: admin@admin.com.


游댯 [info] - 09-11-2023 15:04:15
METHOD: POST
URL: /login
MESSAGE: A칞칚o de login realizada. Usu치rio: Admin Pamcary - ID: 57b3d959-d13f-41d0-992b-e8afc257db58.


游댯 [info] - 09-11-2023 15:04:15


MESSAGE: Autentica칞칚o bem-sucedida: Usu치rio Admin Pamcary (ID: 57b3d959-d13f-41d0-992b-e8afc257db58) se autenticou com sucesso.


游댯 [info] - 09-11-2023 15:04:41
METHOD: POST
URL: /login
MESSAGE: Tentativa de login realizada. Email: admin@admin.com.


游댯 [info] - 09-11-2023 15:04:41
METHOD: POST
URL: /login
MESSAGE: A칞칚o de login realizada. Usu치rio: Admin Pamcary - ID: 57b3d959-d13f-41d0-992b-e8afc257db58.


游댯 [info] - 09-11-2023 15:04:41
METHOD: POST
URL: /login
MESSAGE: Tentativa de login realizada. Email: admin@admin.com.


游댯 [info] - 09-11-2023 15:04:41
METHOD: POST
URL: /login
MESSAGE: A칞칚o de login realizada. Usu치rio: Admin Pamcary - ID: 57b3d959-d13f-41d0-992b-e8afc257db58.


游댯 [info] - 09-11-2023 15:04:41


MESSAGE: Autentica칞칚o bem-sucedida: Usu치rio Admin Pamcary (ID: 57b3d959-d13f-41d0-992b-e8afc257db58) se autenticou com sucesso.


游댯 [info] - 09-11-2023 15:44:35
METHOD: POST
URL: /login
MESSAGE: Tentativa de login realizada. Email: admin@admin.com.


游댯 [info] - 09-11-2023 15:44:35
METHOD: POST
URL: /login
MESSAGE: A칞칚o de login realizada. Usu치rio: Admin Pamcary - ID: 57b3d959-d13f-41d0-992b-e8afc257db58.


游댯 [info] - 09-11-2023 15:44:36
METHOD: POST
URL: /login
MESSAGE: Tentativa de login realizada. Email: admin@admin.com.


游댯 [info] - 09-11-2023 15:44:36
METHOD: POST
URL: /login
MESSAGE: A칞칚o de login realizada. Usu치rio: Admin Pamcary - ID: 57b3d959-d13f-41d0-992b-e8afc257db58.


游댯 [info] - 09-11-2023 15:44:36


MESSAGE: Autentica칞칚o bem-sucedida: Usu치rio Admin Pamcary (ID: 57b3d959-d13f-41d0-992b-e8afc257db58) se autenticou com sucesso.


游댯 [info] - 09-11-2023 15:45:31
METHOD: POST
URL: /login
MESSAGE: Tentativa de login realizada. Email: admin@admin.com.


游댯 [info] - 09-11-2023 15:45:31
METHOD: POST
URL: /login
MESSAGE: A칞칚o de login realizada. Usu치rio: Admin Pamcary - ID: 57b3d959-d13f-41d0-992b-e8afc257db58.


游댯 [info] - 09-11-2023 15:45:31
METHOD: POST
URL: /login
MESSAGE: Tentativa de login realizada. Email: admin@admin.com.


游댯 [info] - 09-11-2023 15:45:31
METHOD: POST
URL: /login
MESSAGE: A칞칚o de login realizada. Usu치rio: Admin Pamcary - ID: 57b3d959-d13f-41d0-992b-e8afc257db58.


游댯 [info] - 09-11-2023 15:45:31


MESSAGE: Autentica칞칚o bem-sucedida: Usu치rio Admin Pamcary (ID: 57b3d959-d13f-41d0-992b-e8afc257db58) se autenticou com sucesso.


游댯 [info] - 09-11-2023 15:47:41
METHOD: POST
URL: /login
MESSAGE: Tentativa de login realizada. Email: admin@admin.com.


游댯 [info] - 09-11-2023 15:47:41
METHOD: POST
URL: /login
MESSAGE: A칞칚o de login realizada. Usu치rio: Admin Pamcary - ID: 57b3d959-d13f-41d0-992b-e8afc257db58.


游댯 [info] - 09-11-2023 15:47:41
METHOD: POST
URL: /login
MESSAGE: Tentativa de login realizada. Email: admin@admin.com.


游댯 [info] - 09-11-2023 15:47:41
METHOD: POST
URL: /login
MESSAGE: A칞칚o de login realizada. Usu치rio: Admin Pamcary - ID: 57b3d959-d13f-41d0-992b-e8afc257db58.


游댯 [info] - 09-11-2023 15:47:41


MESSAGE: Autentica칞칚o bem-sucedida: Usu치rio Admin Pamcary (ID: 57b3d959-d13f-41d0-992b-e8afc257db58) se autenticou com sucesso.


游댯 [info] - 09-11-2023 15:51:10
METHOD: POST
URL: /login
MESSAGE: Tentativa de login realizada. Email: admin@admin.com.


游댯 [info] - 09-11-2023 15:51:10
METHOD: POST
URL: /login
MESSAGE: A칞칚o de login realizada. Usu치rio: Admin Pamcary - ID: 57b3d959-d13f-41d0-992b-e8afc257db58.


游댯 [info] - 09-11-2023 15:51:11
METHOD: POST
URL: /login
MESSAGE: Tentativa de login realizada. Email: admin@admin.com.


游댯 [info] - 09-11-2023 15:51:11
METHOD: POST
URL: /login
MESSAGE: A칞칚o de login realizada. Usu치rio: Admin Pamcary - ID: 57b3d959-d13f-41d0-992b-e8afc257db58.


游댯 [info] - 09-11-2023 15:51:11


MESSAGE: Autentica칞칚o bem-sucedida: Usu치rio Admin Pamcary (ID: 57b3d959-d13f-41d0-992b-e8afc257db58) se autenticou com sucesso.


游댯 [info] - 09-11-2023 15:51:12
METHOD: POST
URL: /forms/form11-declaracao-motorista-ajudante/000.002/bd8b58d7-738f-4332-ae66-dc4f06d8cd13
MESSAGE: Iniciando a칞칚o de upload de arquivos form11_Declaracao_Motorista_Ajudante no relat칩rio. Usuario:Admin Pamcary - ID: 57b3d959-d13f-41d0-992b-e8afc257db58.


游댯 [info] - 09-11-2023 16:05:14
METHOD: POST
URL: /login
MESSAGE: Tentativa de login realizada. Email: admin@admin.com.


游댯 [info] - 09-11-2023 16:05:14
METHOD: POST
URL: /login
MESSAGE: A칞칚o de login realizada. Usu치rio: Admin Pamcary - ID: 57b3d959-d13f-41d0-992b-e8afc257db58.


游댯 [info] - 09-11-2023 16:05:14
METHOD: POST
URL: /login
MESSAGE: Tentativa de login realizada. Email: admin@admin.com.


游댯 [info] - 09-11-2023 16:05:14
METHOD: POST
URL: /login
MESSAGE: A칞칚o de login realizada. Usu치rio: Admin Pamcary - ID: 57b3d959-d13f-41d0-992b-e8afc257db58.


游댯 [info] - 09-11-2023 16:05:14


MESSAGE: Autentica칞칚o bem-sucedida: Usu치rio Admin Pamcary (ID: 57b3d959-d13f-41d0-992b-e8afc257db58) se autenticou com sucesso.


游댯 [info] - 09-11-2023 16:05:15
METHOD: POST
URL: /forms/form11-declaracao-motorista-ajudante/000.002/bd8b58d7-738f-4332-ae66-dc4f06d8cd13
MESSAGE: Iniciando a칞칚o de upload de arquivos form11_Declaracao_Motorista_Ajudante no relat칩rio. Usuario:Admin Pamcary - ID: 57b3d959-d13f-41d0-992b-e8afc257db58.


游댯 [info] - 09-11-2023 16:06:42
METHOD: POST
URL: /login
MESSAGE: Tentativa de login realizada. Email: admin@admin.com.


游댯 [info] - 09-11-2023 16:06:42
METHOD: POST
URL: /login
MESSAGE: A칞칚o de login realizada. Usu치rio: Admin Pamcary - ID: 57b3d959-d13f-41d0-992b-e8afc257db58.


游댯 [info] - 09-11-2023 16:06:42
METHOD: POST
URL: /login
MESSAGE: Tentativa de login realizada. Email: admin@admin.com.


游댯 [info] - 09-11-2023 16:06:42
METHOD: POST
URL: /login
MESSAGE: A칞칚o de login realizada. Usu치rio: Admin Pamcary - ID: 57b3d959-d13f-41d0-992b-e8afc257db58.


游댯 [info] - 09-11-2023 16:06:42


MESSAGE: Autentica칞칚o bem-sucedida: Usu치rio Admin Pamcary (ID: 57b3d959-d13f-41d0-992b-e8afc257db58) se autenticou com sucesso.


游댯 [info] - 09-11-2023 16:06:42
METHOD: GET
URL: /relatorios/bd8b58d7-738f-4332-ae66-dc4f06d8cd13
MESSAGE: Iniciando a칞칚o de busca de relat칩rios. relatorio_id: bd8b58d7-738f-4332-ae66-dc4f06d8cd13, Usu치rio: Admin Pamcary - ID: 57b3d959-d13f-41d0-992b-e8afc257db58.


游댯 [info] - 09-11-2023 16:06:42
METHOD: GET
URL: /relatorios/bd8b58d7-738f-4332-ae66-dc4f06d8cd13
MESSAGE: Relat칩rio filtrado com sucesso. Usu치rio: Admin Pamcary - ID: 57b3d959-d13f-41d0-992b-e8afc257db58.


游댯 [info] - 09-11-2023 16:12:13
METHOD: POST
URL: /login
MESSAGE: Tentativa de login realizada. Email: admin@admin.com.


游댯 [info] - 09-11-2023 16:12:13
METHOD: POST
URL: /login
MESSAGE: A칞칚o de login realizada. Usu치rio: Admin Pamcary - ID: 57b3d959-d13f-41d0-992b-e8afc257db58.


游댯 [info] - 09-11-2023 16:12:13
METHOD: POST
URL: /login
MESSAGE: Tentativa de login realizada. Email: admin@admin.com.


游댯 [info] - 09-11-2023 16:12:13
METHOD: POST
URL: /login
MESSAGE: A칞칚o de login realizada. Usu치rio: Admin Pamcary - ID: 57b3d959-d13f-41d0-992b-e8afc257db58.


游댯 [info] - 09-11-2023 16:12:13


MESSAGE: Autentica칞칚o bem-sucedida: Usu치rio Admin Pamcary (ID: 57b3d959-d13f-41d0-992b-e8afc257db58) se autenticou com sucesso.


游댯 [info] - 09-11-2023 16:12:13
METHOD: GET
URL: /relatorios/bd8b58d7-738f-4332-ae66-dc4f06d8cd13
MESSAGE: Iniciando a칞칚o de busca de relat칩rios. relatorio_id: bd8b58d7-738f-4332-ae66-dc4f06d8cd13, Usu치rio: Admin Pamcary - ID: 57b3d959-d13f-41d0-992b-e8afc257db58.


游댯 [info] - 09-11-2023 16:12:13
METHOD: GET
URL: /relatorios/bd8b58d7-738f-4332-ae66-dc4f06d8cd13
MESSAGE: Relat칩rio filtrado com sucesso. Usu치rio: Admin Pamcary - ID: 57b3d959-d13f-41d0-992b-e8afc257db58.


游댯 [info] - 09-11-2023 16:29:23
METHOD: POST
URL: /login
MESSAGE: Tentativa de login realizada. Email: admin@admin.com.


游댯 [info] - 09-11-2023 16:29:23
METHOD: POST
URL: /login
MESSAGE: A칞칚o de login realizada. Usu치rio: Admin Pamcary - ID: 57b3d959-d13f-41d0-992b-e8afc257db58.


游댯 [info] - 09-11-2023 16:29:23
METHOD: POST
URL: /login
MESSAGE: Tentativa de login realizada. Email: admin@admin.com.


游댯 [info] - 09-11-2023 16:29:23
METHOD: POST
URL: /login
MESSAGE: A칞칚o de login realizada. Usu치rio: Admin Pamcary - ID: 57b3d959-d13f-41d0-992b-e8afc257db58.


游댯 [info] - 09-11-2023 16:29:23


MESSAGE: Autentica칞칚o bem-sucedida: Usu치rio Admin Pamcary (ID: 57b3d959-d13f-41d0-992b-e8afc257db58) se autenticou com sucesso.


游댯 [info] - 09-11-2023 16:29:23
METHOD: GET
URL: /relatorios/bd8b58d7-738f-4332-ae66-dc4f06d8cd13
MESSAGE: Iniciando a칞칚o de busca de relat칩rios. relatorio_id: bd8b58d7-738f-4332-ae66-dc4f06d8cd13, Usu치rio: Admin Pamcary - ID: 57b3d959-d13f-41d0-992b-e8afc257db58.


游댯 [info] - 09-11-2023 16:29:23
METHOD: GET
URL: /relatorios/bd8b58d7-738f-4332-ae66-dc4f06d8cd13
MESSAGE: Relat칩rio filtrado com sucesso. Usu치rio: Admin Pamcary - ID: 57b3d959-d13f-41d0-992b-e8afc257db58.


游댯 [info] - 09-11-2023 16:32:11
METHOD: POST
URL: /login
MESSAGE: Tentativa de login realizada. Email: admin@admin.com.


游댯 [info] - 09-11-2023 16:32:11
METHOD: POST
URL: /login
MESSAGE: A칞칚o de login realizada. Usu치rio: Admin Pamcary - ID: 57b3d959-d13f-41d0-992b-e8afc257db58.


游댯 [info] - 09-11-2023 16:32:11
METHOD: POST
URL: /login
MESSAGE: Tentativa de login realizada. Email: admin@admin.com.


游댯 [info] - 09-11-2023 16:32:11
METHOD: POST
URL: /login
MESSAGE: A칞칚o de login realizada. Usu치rio: Admin Pamcary - ID: 57b3d959-d13f-41d0-992b-e8afc257db58.


游댯 [info] - 09-11-2023 16:32:15
METHOD: POST
URL: /login
MESSAGE: Tentativa de login realizada. Email: admin@admin.com.


游댯 [info] - 09-11-2023 16:32:16
METHOD: POST
URL: /login
MESSAGE: A칞칚o de login realizada. Usu치rio: Admin Pamcary - ID: 57b3d959-d13f-41d0-992b-e8afc257db58.


游댯 [info] - 09-11-2023 16:32:16
METHOD: POST
URL: /login
MESSAGE: Tentativa de login realizada. Email: admin@admin.com.


游댯 [info] - 09-11-2023 16:32:16
METHOD: POST
URL: /login
MESSAGE: A칞칚o de login realizada. Usu치rio: Admin Pamcary - ID: 57b3d959-d13f-41d0-992b-e8afc257db58.


游댯 [info] - 09-11-2023 16:32:16


MESSAGE: Autentica칞칚o bem-sucedida: Usu치rio Admin Pamcary (ID: 57b3d959-d13f-41d0-992b-e8afc257db58) se autenticou com sucesso.


游댯 [info] - 09-11-2023 16:32:16
METHOD: GET
URL: /relatorios/bd8b58d7-738f-4332-ae66-dc4f06d8cd13
MESSAGE: Iniciando a칞칚o de busca de relat칩rios. relatorio_id: bd8b58d7-738f-4332-ae66-dc4f06d8cd13, Usu치rio: Admin Pamcary - ID: 57b3d959-d13f-41d0-992b-e8afc257db58.


游댯 [info] - 09-11-2023 16:32:16
METHOD: GET
URL: /relatorios/bd8b58d7-738f-4332-ae66-dc4f06d8cd13
MESSAGE: Relat칩rio filtrado com sucesso. Usu치rio: Admin Pamcary - ID: 57b3d959-d13f-41d0-992b-e8afc257db58.


游댯 [info] - 09-11-2023 19:14:32
METHOD: POST
URL: /login
MESSAGE: Tentativa de login realizada. Email: admin@admin.com.


游댯 [info] - 09-11-2023 19:14:32
METHOD: POST
URL: /login
MESSAGE: A칞칚o de login realizada. Usu치rio: Admin Pamcary - ID: 57b3d959-d13f-41d0-992b-e8afc257db58.


游댯 [info] - 09-11-2023 19:14:32
METHOD: POST
URL: /login
MESSAGE: Tentativa de login realizada. Email: admin@admin.com.


游댯 [info] - 09-11-2023 19:14:32
METHOD: POST
URL: /login
MESSAGE: A칞칚o de login realizada. Usu치rio: Admin Pamcary - ID: 57b3d959-d13f-41d0-992b-e8afc257db58.


游댯 [info] - 09-11-2023 19:14:32


MESSAGE: Autentica칞칚o bem-sucedida: Usu치rio Admin Pamcary (ID: 57b3d959-d13f-41d0-992b-e8afc257db58) se autenticou com sucesso.


游댯 [info] - 09-11-2023 19:20:02
METHOD: POST
URL: /login
MESSAGE: Tentativa de login realizada. Email: admin@admin.com.


游댯 [info] - 09-11-2023 19:20:02
METHOD: POST
URL: /login
MESSAGE: A칞칚o de login realizada. Usu치rio: Admin Pamcary - ID: 57b3d959-d13f-41d0-992b-e8afc257db58.


游댯 [info] - 09-11-2023 19:20:02
METHOD: POST
URL: /login
MESSAGE: Tentativa de login realizada. Email: admin@admin.com.


游댯 [info] - 09-11-2023 19:20:02
METHOD: POST
URL: /login
MESSAGE: A칞칚o de login realizada. Usu치rio: Admin Pamcary - ID: 57b3d959-d13f-41d0-992b-e8afc257db58.


游댯 [info] - 09-11-2023 19:20:02


MESSAGE: Autentica칞칚o bem-sucedida: Usu치rio Admin Pamcary (ID: 57b3d959-d13f-41d0-992b-e8afc257db58) se autenticou com sucesso.


游댯 [info] - 09-11-2023 19:20:03
METHOD: PUT
URL: /forms/form11-declaracao-motorista-ajudante/000.002/bd8b58d7-738f-4332-ae66-dc4f06d8cd13
MESSAGE: Iniciando a칞칚o de upload de arquivos form11_Declaracao_Motorista_Ajudante no relat칩rio. Usuario:Admin Pamcary - ID: 57b3d959-d13f-41d0-992b-e8afc257db58.


游댯 [info] - 09-11-2023 19:21:53
METHOD: POST
URL: /login
MESSAGE: Tentativa de login realizada. Email: admin@admin.com.


游댯 [info] - 09-11-2023 19:21:53
METHOD: POST
URL: /login
MESSAGE: A칞칚o de login realizada. Usu치rio: Admin Pamcary - ID: 57b3d959-d13f-41d0-992b-e8afc257db58.


游댯 [info] - 09-11-2023 19:21:53
METHOD: POST
URL: /login
MESSAGE: Tentativa de login realizada. Email: admin@admin.com.


游댯 [info] - 09-11-2023 19:21:53
METHOD: POST
URL: /login
MESSAGE: A칞칚o de login realizada. Usu치rio: Admin Pamcary - ID: 57b3d959-d13f-41d0-992b-e8afc257db58.


游댯 [info] - 09-11-2023 19:21:53


MESSAGE: Autentica칞칚o bem-sucedida: Usu치rio Admin Pamcary (ID: 57b3d959-d13f-41d0-992b-e8afc257db58) se autenticou com sucesso.


游댯 [info] - 09-11-2023 19:21:54
METHOD: PUT
URL: /forms/form11-declaracao-motorista-ajudante/000.002/bd8b58d7-738f-4332-ae66-dc4f06d8cd13
MESSAGE: Iniciando a칞칚o de upload de arquivos form11_Declaracao_Motorista_Ajudante no relat칩rio. Usuario:Admin Pamcary - ID: 57b3d959-d13f-41d0-992b-e8afc257db58.


游댯 [info] - 09-11-2023 19:22:58
METHOD: POST
URL: /login
MESSAGE: Tentativa de login realizada. Email: admin@admin.com.


游댯 [info] - 09-11-2023 19:22:58
METHOD: POST
URL: /login
MESSAGE: A칞칚o de login realizada. Usu치rio: Admin Pamcary - ID: 57b3d959-d13f-41d0-992b-e8afc257db58.


游댯 [info] - 09-11-2023 19:22:58
METHOD: POST
URL: /login
MESSAGE: Tentativa de login realizada. Email: admin@admin.com.


游댯 [info] - 09-11-2023 19:22:58
METHOD: POST
URL: /login
MESSAGE: A칞칚o de login realizada. Usu치rio: Admin Pamcary - ID: 57b3d959-d13f-41d0-992b-e8afc257db58.


游댯 [info] - 09-11-2023 19:22:58


MESSAGE: Autentica칞칚o bem-sucedida: Usu치rio Admin Pamcary (ID: 57b3d959-d13f-41d0-992b-e8afc257db58) se autenticou com sucesso.


游댯 [info] - 09-11-2023 19:22:59
METHOD: PUT
URL: /forms/form11-declaracao-motorista-ajudante/000.002/bd8b58d7-738f-4332-ae66-dc4f06d8cd13
MESSAGE: Iniciando a칞칚o de upload de arquivos form11_Declaracao_Motorista_Ajudante no relat칩rio. Usuario:Admin Pamcary - ID: 57b3d959-d13f-41d0-992b-e8afc257db58.


游댯 [info] - 09-11-2023 19:23:30
METHOD: POST
URL: /login
MESSAGE: Tentativa de login realizada. Email: admin@admin.com.


游댯 [info] - 09-11-2023 19:23:30
METHOD: POST
URL: /login
MESSAGE: A칞칚o de login realizada. Usu치rio: Admin Pamcary - ID: 57b3d959-d13f-41d0-992b-e8afc257db58.


游댯 [info] - 09-11-2023 19:23:30
METHOD: POST
URL: /login
MESSAGE: Tentativa de login realizada. Email: admin@admin.com.


游댯 [info] - 09-11-2023 19:23:30
METHOD: POST
URL: /login
MESSAGE: A칞칚o de login realizada. Usu치rio: Admin Pamcary - ID: 57b3d959-d13f-41d0-992b-e8afc257db58.


游댯 [info] - 09-11-2023 19:23:30


MESSAGE: Autentica칞칚o bem-sucedida: Usu치rio Admin Pamcary (ID: 57b3d959-d13f-41d0-992b-e8afc257db58) se autenticou com sucesso.


游댯 [info] - 09-11-2023 19:23:30
METHOD: PUT
URL: /forms/form11-declaracao-motorista-ajudante/000.002/bd8b58d7-738f-4332-ae66-dc4f06d8cd13
MESSAGE: Iniciando a칞칚o de upload de arquivos form11_Declaracao_Motorista_Ajudante no relat칩rio. Usuario:Admin Pamcary - ID: 57b3d959-d13f-41d0-992b-e8afc257db58.


游댯 [info] - 09-11-2023 19:23:43
METHOD: POST
URL: /login
MESSAGE: Tentativa de login realizada. Email: admin@admin.com.


游댯 [info] - 09-11-2023 19:23:43
METHOD: POST
URL: /login
MESSAGE: A칞칚o de login realizada. Usu치rio: Admin Pamcary - ID: 57b3d959-d13f-41d0-992b-e8afc257db58.


游댯 [info] - 09-11-2023 19:23:44
METHOD: POST
URL: /login
MESSAGE: Tentativa de login realizada. Email: admin@admin.com.


游댯 [info] - 09-11-2023 19:23:44
METHOD: POST
URL: /login
MESSAGE: A칞칚o de login realizada. Usu치rio: Admin Pamcary - ID: 57b3d959-d13f-41d0-992b-e8afc257db58.


游댯 [info] - 09-11-2023 19:23:44


MESSAGE: Autentica칞칚o bem-sucedida: Usu치rio Admin Pamcary (ID: 57b3d959-d13f-41d0-992b-e8afc257db58) se autenticou com sucesso.


游댯 [info] - 09-11-2023 19:23:44
METHOD: GET
URL: /relatorios/bd8b58d7-738f-4332-ae66-dc4f06d8cd13
MESSAGE: Iniciando a칞칚o de busca de relat칩rios. relatorio_id: bd8b58d7-738f-4332-ae66-dc4f06d8cd13, Usu치rio: Admin Pamcary - ID: 57b3d959-d13f-41d0-992b-e8afc257db58.


游댯 [info] - 09-11-2023 19:23:52
METHOD: POST
URL: /login
MESSAGE: Tentativa de login realizada. Email: admin@admin.com.


游댯 [info] - 09-11-2023 19:23:52
METHOD: POST
URL: /login
MESSAGE: A칞칚o de login realizada. Usu치rio: Admin Pamcary - ID: 57b3d959-d13f-41d0-992b-e8afc257db58.


游댯 [info] - 09-11-2023 19:23:52
METHOD: POST
URL: /login
MESSAGE: Tentativa de login realizada. Email: admin@admin.com.


游댯 [info] - 09-11-2023 19:23:52
METHOD: POST
URL: /login
MESSAGE: A칞칚o de login realizada. Usu치rio: Admin Pamcary - ID: 57b3d959-d13f-41d0-992b-e8afc257db58.


游댯 [info] - 09-11-2023 19:23:52


MESSAGE: Autentica칞칚o bem-sucedida: Usu치rio Admin Pamcary (ID: 57b3d959-d13f-41d0-992b-e8afc257db58) se autenticou com sucesso.


游댯 [info] - 09-11-2023 19:23:52
METHOD: GET
URL: /relatorios/bd8b58d7-738f-4332-ae66-dc4f06d8cd13
MESSAGE: Iniciando a칞칚o de busca de relat칩rios. relatorio_id: bd8b58d7-738f-4332-ae66-dc4f06d8cd13, Usu치rio: Admin Pamcary - ID: 57b3d959-d13f-41d0-992b-e8afc257db58.


游댯 [info] - 09-11-2023 19:24:55
METHOD: POST
URL: /login
MESSAGE: Tentativa de login realizada. Email: admin@admin.com.


游댯 [info] - 09-11-2023 19:24:55
METHOD: POST
URL: /login
MESSAGE: A칞칚o de login realizada. Usu치rio: Admin Pamcary - ID: 57b3d959-d13f-41d0-992b-e8afc257db58.


游댯 [info] - 09-11-2023 19:24:55
METHOD: POST
URL: /login
MESSAGE: Tentativa de login realizada. Email: admin@admin.com.


游댯 [info] - 09-11-2023 19:24:55
METHOD: POST
URL: /login
MESSAGE: A칞칚o de login realizada. Usu치rio: Admin Pamcary - ID: 57b3d959-d13f-41d0-992b-e8afc257db58.


游댯 [info] - 09-11-2023 19:24:55


MESSAGE: Autentica칞칚o bem-sucedida: Usu치rio Admin Pamcary (ID: 57b3d959-d13f-41d0-992b-e8afc257db58) se autenticou com sucesso.


游댯 [info] - 09-11-2023 19:24:55
METHOD: GET
URL: /relatorios/bd8b58d7-738f-4332-ae66-dc4f06d8cd13
MESSAGE: Iniciando a칞칚o de busca de relat칩rios. relatorio_id: bd8b58d7-738f-4332-ae66-dc4f06d8cd13, Usu치rio: Admin Pamcary - ID: 57b3d959-d13f-41d0-992b-e8afc257db58.


游댯 [info] - 09-11-2023 19:24:56
METHOD: GET
URL: /relatorios/bd8b58d7-738f-4332-ae66-dc4f06d8cd13
MESSAGE: Relat칩rio filtrado com sucesso. Usu치rio: Admin Pamcary - ID: 57b3d959-d13f-41d0-992b-e8afc257db58.


游댯 [info] - 09-11-2023 19:38:19
METHOD: POST
URL: /login
MESSAGE: Tentativa de login realizada. Email: admin@admin.com.


游댯 [info] - 09-11-2023 19:38:19
METHOD: POST
URL: /login
MESSAGE: A칞칚o de login realizada. Usu치rio: Admin Pamcary - ID: 57b3d959-d13f-41d0-992b-e8afc257db58.


游댯 [info] - 09-11-2023 19:38:19
METHOD: POST
URL: /login
MESSAGE: Tentativa de login realizada. Email: admin@admin.com.


游댯 [info] - 09-11-2023 19:38:19
METHOD: POST
URL: /login
MESSAGE: A칞칚o de login realizada. Usu치rio: Admin Pamcary - ID: 57b3d959-d13f-41d0-992b-e8afc257db58.


游댯 [info] - 09-11-2023 19:38:19


MESSAGE: Autentica칞칚o bem-sucedida: Usu치rio Admin Pamcary (ID: 57b3d959-d13f-41d0-992b-e8afc257db58) se autenticou com sucesso.


游댯 [info] - 09-11-2023 19:39:33
METHOD: POST
URL: /login
MESSAGE: Tentativa de login realizada. Email: admin@admin.com.


游댯 [info] - 09-11-2023 19:39:33
METHOD: POST
URL: /login
MESSAGE: A칞칚o de login realizada. Usu치rio: Admin Pamcary - ID: 57b3d959-d13f-41d0-992b-e8afc257db58.


游댯 [info] - 09-11-2023 19:39:33
METHOD: POST
URL: /login
MESSAGE: Tentativa de login realizada. Email: admin@admin.com.


游댯 [info] - 09-11-2023 19:39:33
METHOD: POST
URL: /login
MESSAGE: A칞칚o de login realizada. Usu치rio: Admin Pamcary - ID: 57b3d959-d13f-41d0-992b-e8afc257db58.


游댯 [info] - 09-11-2023 19:39:33


MESSAGE: Autentica칞칚o bem-sucedida: Usu치rio Admin Pamcary (ID: 57b3d959-d13f-41d0-992b-e8afc257db58) se autenticou com sucesso.


游댯 [info] - 09-11-2023 19:39:33
METHOD: PUT
URL: /forms/form11-declaracao-motorista-ajudante/000.002/bd8b58d7-738f-4332-ae66-dc4f06d8cd13
MESSAGE: Iniciando a칞칚o de upload de arquivos form11_Declaracao_Motorista_Ajudante no relat칩rio. Usuario:Admin Pamcary - ID: 57b3d959-d13f-41d0-992b-e8afc257db58.


游댯 [info] - 09-11-2023 19:39:38
METHOD: POST
URL: /login
MESSAGE: Tentativa de login realizada. Email: admin@admin.com.


游댯 [info] - 09-11-2023 19:39:38
METHOD: POST
URL: /login
MESSAGE: A칞칚o de login realizada. Usu치rio: Admin Pamcary - ID: 57b3d959-d13f-41d0-992b-e8afc257db58.


游댯 [info] - 09-11-2023 19:39:38
METHOD: POST
URL: /login
MESSAGE: Tentativa de login realizada. Email: admin@admin.com.


游댯 [info] - 09-11-2023 19:39:38
METHOD: POST
URL: /login
MESSAGE: A칞칚o de login realizada. Usu치rio: Admin Pamcary - ID: 57b3d959-d13f-41d0-992b-e8afc257db58.


游댯 [info] - 09-11-2023 19:39:38


MESSAGE: Autentica칞칚o bem-sucedida: Usu치rio Admin Pamcary (ID: 57b3d959-d13f-41d0-992b-e8afc257db58) se autenticou com sucesso.


游댯 [info] - 09-11-2023 19:39:39
METHOD: PUT
URL: /forms/form11-declaracao-motorista-ajudante/000.002/bd8b58d7-738f-4332-ae66-dc4f06d8cd13
MESSAGE: Iniciando a칞칚o de upload de arquivos form11_Declaracao_Motorista_Ajudante no relat칩rio. Usuario:Admin Pamcary - ID: 57b3d959-d13f-41d0-992b-e8afc257db58.


游댯 [info] - 09-11-2023 19:41:32
METHOD: POST
URL: /login
MESSAGE: Tentativa de login realizada. Email: admin@admin.com.


游댯 [info] - 09-11-2023 19:41:32
METHOD: POST
URL: /login
MESSAGE: A칞칚o de login realizada. Usu치rio: Admin Pamcary - ID: 57b3d959-d13f-41d0-992b-e8afc257db58.


游댯 [info] - 09-11-2023 19:41:32
METHOD: POST
URL: /login
MESSAGE: Tentativa de login realizada. Email: admin@admin.com.


游댯 [info] - 09-11-2023 19:41:32
METHOD: POST
URL: /login
MESSAGE: A칞칚o de login realizada. Usu치rio: Admin Pamcary - ID: 57b3d959-d13f-41d0-992b-e8afc257db58.


游댯 [info] - 09-11-2023 19:41:32


MESSAGE: Autentica칞칚o bem-sucedida: Usu치rio Admin Pamcary (ID: 57b3d959-d13f-41d0-992b-e8afc257db58) se autenticou com sucesso.


游댯 [info] - 09-11-2023 19:41:33
METHOD: PUT
URL: /forms/form11-declaracao-motorista-ajudante/000.002/bd8b58d7-738f-4332-ae66-dc4f06d8cd13
MESSAGE: Iniciando a칞칚o de upload de arquivos form11_Declaracao_Motorista_Ajudante no relat칩rio. Usuario:Admin Pamcary - ID: 57b3d959-d13f-41d0-992b-e8afc257db58.


游댯 [info] - 09-11-2023 19:42:33
METHOD: POST
URL: /login
MESSAGE: Tentativa de login realizada. Email: admin@admin.com.


游댯 [info] - 09-11-2023 19:42:33
METHOD: POST
URL: /login
MESSAGE: A칞칚o de login realizada. Usu치rio: Admin Pamcary - ID: 57b3d959-d13f-41d0-992b-e8afc257db58.


游댯 [info] - 09-11-2023 19:42:33
METHOD: POST
URL: /login
MESSAGE: Tentativa de login realizada. Email: admin@admin.com.


游댯 [info] - 09-11-2023 19:42:33
METHOD: POST
URL: /login
MESSAGE: A칞칚o de login realizada. Usu치rio: Admin Pamcary - ID: 57b3d959-d13f-41d0-992b-e8afc257db58.


游댯 [info] - 09-11-2023 19:42:33


MESSAGE: Autentica칞칚o bem-sucedida: Usu치rio Admin Pamcary (ID: 57b3d959-d13f-41d0-992b-e8afc257db58) se autenticou com sucesso.


游댯 [info] - 09-11-2023 19:42:33
METHOD: GET
URL: /relatorios/bd8b58d7-738f-4332-ae66-dc4f06d8cd13
MESSAGE: Iniciando a칞칚o de busca de relat칩rios. relatorio_id: bd8b58d7-738f-4332-ae66-dc4f06d8cd13, Usu치rio: Admin Pamcary - ID: 57b3d959-d13f-41d0-992b-e8afc257db58.


游댯 [info] - 09-11-2023 19:42:33
METHOD: GET
URL: /relatorios/bd8b58d7-738f-4332-ae66-dc4f06d8cd13
MESSAGE: Relat칩rio filtrado com sucesso. Usu치rio: Admin Pamcary - ID: 57b3d959-d13f-41d0-992b-e8afc257db58.


