❌ [error] - 10-11-2023 12:01:49
METHOD: POST
URL: /forms/form11-declaracao-motorista-ajudante/000.002/bd8b58d7-738f-4332-ae66-dc4f06d8cd13
MESSAGE: Erro ao atualizar form11_Declaracao_Motorista_Ajudante no relatório. Usuario:Admin Pamcary - ID: 57b3d959-d13f-41d0-992b-e8afc257db58. Erro: {"message":"form11_Declaracao_Motorista_Ajudante já existe neste relatório","statusCode":409}


❌ [error] - 10-11-2023 13:16:50
METHOD: GET
URL: /forms/form11-declaracao-motorista-ajudante/000.002/bd8b58d7-738f-4332-ae66-dc4f06d8cd13
MESSAGE: Erro ao listar form11_Declaracao_Motorista_Ajudante no relatório. Usuario:Admin Pamcary - ID: 57b3d959-d13f-41d0-992b-e8afc257db58. Erro: {"message":"form11_Declaracao_Motorista_Ajudante não encontrado neste relatório","statusCode":404}


❌ [error] - 10-11-2023 13:18:08
METHOD: DELETE
URL: /forms/form11-declaracao-motorista-ajudante/000.002/bd8b58d7-738f-4332-ae66-dc4f06d8cd13
MESSAGE: Erro ao excluir form11_Declaracao_Motorista_Ajudante no relatório. Usuario:Admin Pamcary - ID: 57b3d959-d13f-41d0-992b-e8afc257db58. Erro: {"message":"form11_Declaracao_Motorista_Ajudante não encontrado neste relatório","statusCode":404}


❌ [error] - 10-11-2023 15:14:39
METHOD: DELETE
URL: /forms/form11-declaracao-motorista-ajudante/000.002/bd8b58d7-738f-4332-ae66-dc4f06d8cd13
MESSAGE: Erro ao excluir form11_Declaracao_Motorista_Ajudante no relatório. Usuario:Admin Pamcary - ID: 57b3d959-d13f-41d0-992b-e8afc257db58. Erro: {"message":"form11_Declaracao_Motorista_Ajudante não encontrado neste relatório","statusCode":404}


❌ [error] - 10-11-2023 15:34:57
METHOD: PUT
URL: /forms/form11-declaracao-motorista-ajudante/000.002/bd8b58d7-738f-4332-ae66-dc4f06d8cd13
MESSAGE: Erro ao atualizar  form11_Declaracao_Motorista_Ajudante no relatório. Usuario:Admin Pamcary - ID: 57b3d959-d13f-41d0-992b-e8afc257db58. Erro: {"message":"Pelo menos um arquivo é necessário para o upload","statusCode":400}


❌ [error] - 10-11-2023 16:41:27
METHOD: PUT
URL: /forms/form11-declaracao-motorista-ajudante/000.002/bd8b58d7-738f-4332-ae66-dc4f06d8cd13
MESSAGE: Erro ao atualizar  form11_Declaracao_Motorista_Ajudante no relatório. Usuario:Admin Pamcary - ID: 57b3d959-d13f-41d0-992b-e8afc257db58. Erro: {"message":"form11_Declaracao_Motorista_Ajudante não encontrado neste relatório","statusCode":404}


❌ [error] - 10-11-2023 16:42:14
METHOD: GET
URL: /forms/form11-declaracao-motorista-ajudante/000.002/bd8b58d7-738f-4332-ae66-dc4f06d8cd13
MESSAGE: Erro ao listar form11_Declaracao_Motorista_Ajudante no relatório. Usuario:Admin Pamcary - ID: 57b3d959-d13f-41d0-992b-e8afc257db58. Erro: {"message":"form11_Declaracao_Motorista_Ajudante não encontrado neste relatório","statusCode":404}


❌ [error] - 10-11-2023 16:42:48
METHOD: DELETE
URL: /forms/form11-declaracao-motorista-ajudante/000.002/bd8b58d7-738f-4332-ae66-dc4f06d8cd13
MESSAGE: Erro ao excluir form11_Declaracao_Motorista_Ajudante no relatório. Usuario:Admin Pamcary - ID: 57b3d959-d13f-41d0-992b-e8afc257db58. Erro: {"message":"form11_Declaracao_Motorista_Ajudante não encontrado neste relatório","statusCode":404}


❌ [error] - 10-11-2023 16:43:04
METHOD: PUT
URL: /forms/form11-declaracao-motorista-ajudante/000.002/bd8b58d7-738f-4332-ae66-dc4f06d8cd13
MESSAGE: Erro ao atualizar  form11_Declaracao_Motorista_Ajudante no relatório. Usuario:Admin Pamcary - ID: 57b3d959-d13f-41d0-992b-e8afc257db58. Erro: {"message":"form11_Declaracao_Motorista_Ajudante não encontrado neste relatório","statusCode":404}


❌ [error] - 10-11-2023 16:45:21
METHOD: DELETE
URL: /forms/form11-declaracao-motorista-ajudante/000.002/bd8b58d7-738f-4332-ae66-dc4f06d8cd13
MESSAGE: Erro ao excluir form11_Declaracao_Motorista_Ajudante no relatório. Usuario:Admin Pamcary - ID: 57b3d959-d13f-41d0-992b-e8afc257db58. Erro: {"message":"form11_Declaracao_Motorista_Ajudante não encontrado neste relatório","statusCode":404}


❌ [error] - 10-11-2023 16:45:27
METHOD: GET
URL: /forms/form11-declaracao-motorista-ajudante/000.002/bd8b58d7-738f-4332-ae66-dc4f06d8cd13
MESSAGE: Erro ao listar form11_Declaracao_Motorista_Ajudante no relatório. Usuario:Admin Pamcary - ID: 57b3d959-d13f-41d0-992b-e8afc257db58. Erro: {"message":"form11_Declaracao_Motorista_Ajudante não encontrado neste relatório","statusCode":404}


❌ [error] - 10-11-2023 16:48:55
METHOD: GET
URL: /forms/form11-declaracao-motorista-ajudante/000.002/bd8b58d7-738f-4332-ae66-dc4f06d8cd13
MESSAGE: Erro ao listar form11_Declaracao_Motorista_Ajudante no relatório. Usuario:Admin Pamcary - ID: 57b3d959-d13f-41d0-992b-e8afc257db58. Erro: {"message":"form11_Declaracao_Motorista_Ajudante não encontrado neste relatório","statusCode":404}


❌ [error] - 10-11-2023 16:48:59
METHOD: DELETE
URL: /forms/form11-declaracao-motorista-ajudante/000.002/bd8b58d7-738f-4332-ae66-dc4f06d8cd13
MESSAGE: Erro ao excluir form11_Declaracao_Motorista_Ajudante no relatório. Usuario:Admin Pamcary - ID: 57b3d959-d13f-41d0-992b-e8afc257db58. Erro: {"message":"form11_Declaracao_Motorista_Ajudante não encontrado neste relatório","statusCode":404}


❌ [error] - 10-11-2023 19:48:47
METHOD: DELETE
URL: /forms/form11-declaracao-motorista-ajudante/000.002/bd8b58d7-738f-4332-ae66-dc4f06d8cd13
MESSAGE: Erro ao excluir form11_Declaracao_Motorista_Ajudante no relatório. Usuario:Admin Pamcary - ID: 57b3d959-d13f-41d0-992b-e8afc257db58. Erro: {"message":"form11_Declaracao_Motorista_Ajudante não encontrado neste relatório","statusCode":404}


❌ [error] - 10-11-2023 20:16:50
METHOD: GET
URL: /forms/form11-declaracao-motorista-ajudante/000.002/bd8b58d7-738f-4332-ae66-dc4f06d8cd13
MESSAGE: Erro ao listar form11_Declaracao_Motorista_Ajudante no relatório. Usuario:Admin Pamcary - ID: 57b3d959-d13f-41d0-992b-e8afc257db58. Erro: {"message":"form11_Declaracao_Motorista_Ajudante não encontrado neste relatório","statusCode":404}


